Created by PLY version 3.11 (http://www.dabeaz.com/ply)

Grammar

Rule 0     S' -> CONS
Rule 1     CONS -> SELECT_ FROM_ JOIN_ WHERE_ GROUP_BY ORDER_BY
Rule 2     SELECT_ -> SELECT CAMPOS
Rule 3     SELECT_ -> SELECT DISTINCT CAMPOS
Rule 4     CAMPOS -> CAMPO COMA CAMPOS
Rule 5     CAMPOS -> CAMPO
Rule 6     CAMPO -> CADENA PUNTO CADENA
Rule 7     CAMPO -> CADENA PUNTO CADENA AS COMILLA CADENA COMILLA
Rule 8     CAMPO -> FUNCION AS COMILLA CADENA COMILLA
Rule 9     FUNCION -> MIN PARENTESIS_IZQUIERDO CADENA PUNTO CADENA PARENTESIS_DERECHO
Rule 10    FUNCION -> MAX PARENTESIS_IZQUIERDO CADENA PUNTO CADENA PARENTESIS_DERECHO
Rule 11    FUNCION -> COUNT PARENTESIS_IZQUIERDO CADENA PUNTO CADENA PARENTESIS_DERECHO
Rule 12    FUNCION -> COUNT PARENTESIS_IZQUIERDO DISTINCT CADENA PUNTO CADENA PARENTESIS_DERECHO
Rule 13    FROM_ -> FROM CADENA
Rule 14    FROM_ -> FROM CADENA CADENA
Rule 15    FROM_ -> FROM CADENA AS CADENA
Rule 16    JOIN_ -> ELECCION_JOIN JOIN_
Rule 17    JOIN_ -> <empty>
Rule 18    ELECCION_JOIN -> INNER JOIN CADENA ON CONDICION_
Rule 19    ELECCION_JOIN -> INNER JOIN CADENA CADENA ON CONDICION_
Rule 20    ELECCION_JOIN -> INNER JOIN CADENA AS CADENA ON CONDICION_
Rule 21    ELECCION_JOIN -> LEFT JOIN CADENA ON CONDICION_
Rule 22    ELECCION_JOIN -> LEFT JOIN CADENA CADENA ON CONDICION_
Rule 23    ELECCION_JOIN -> LEFT JOIN CADENA AS CADENA ON CONDICION_
Rule 24    CONDICION_ -> CONDICION
Rule 25    CONDICION_ -> CONDICION_ AND CONDICION_
Rule 26    CONDICION_ -> CONDICION_ OR CONDICION_
Rule 27    CONDICION_ -> PARENTESIS_IZQUIERDO CONDICION_ OR CONDICION_ PARENTESIS_DERECHO
Rule 28    CONDICION_ -> CADENA PUNTO CADENA SUBCONS
Rule 29    CONDICION -> CADENA PUNTO CADENA OPERADOR_COMPARATIVO VALOR
Rule 30    CONDICION -> CADENA PUNTO CADENA OPERADOR_COMPARATIVO CADENA PUNTO CADENA
Rule 31    CONDICION -> CADENA PUNTO CADENA NULLABLE
Rule 32    OPERADOR_COMPARATIVO -> MENOR
Rule 33    OPERADOR_COMPARATIVO -> IGUAL
Rule 34    OPERADOR_COMPARATIVO -> MAYOR
Rule 35    OPERADOR_COMPARATIVO -> MENOR_O_IGUAL
Rule 36    OPERADOR_COMPARATIVO -> MAYOR_O_IGUAL
Rule 37    OPERADOR_COMPARATIVO -> DISTINTO
Rule 38    VALOR -> NUMERO
Rule 39    VALOR -> COMILLA CADENA COMILLA
Rule 40    NULLABLE -> IS NULL
Rule 41    NULLABLE -> IS NOT NULL
Rule 42    SUBCONS -> IN PARENTESIS_IZQUIERDO CONS PARENTESIS_DERECHO
Rule 43    SUBCONS -> NOT IN PARENTESIS_IZQUIERDO CONS PARENTESIS_DERECHO
Rule 44    WHERE_ -> WHERE CONDICION_
Rule 45    WHERE_ -> <empty>
Rule 46    GROUP_BY -> GROUP BY CAMPOS_AGRUPADOS HAVING_
Rule 47    GROUP_BY -> <empty>
Rule 48    CAMPOS_AGRUPADOS -> CADENA PUNTO CADENA COMA CAMPOS_AGRUPADOS
Rule 49    CAMPOS_AGRUPADOS -> CADENA PUNTO CADENA
Rule 50    HAVING_ -> HAVING FUNCION OPERADOR_COMPARATIVO VALOR
Rule 51    HAVING_ -> <empty>
Rule 52    ORDER_BY -> ORDER BY CAMPOS_ORDENADOS
Rule 53    ORDER_BY -> <empty>
Rule 54    CAMPOS_ORDENADOS -> CADENA PUNTO CADENA ORDEN COMA CAMPOS_ORDENADOS
Rule 55    CAMPOS_ORDENADOS -> CADENA PUNTO CADENA ORDEN
Rule 56    ORDEN -> ASC
Rule 57    ORDEN -> DESC
Rule 58    ORDEN -> <empty>

Terminals, with rules where they appear

AND                  : 25
AS                   : 7 8 15 20 23
ASC                  : 56
BY                   : 46 52
CADENA               : 6 6 7 7 7 8 9 9 10 10 11 11 12 12 13 14 14 15 15 18 19 19 20 20 21 22 22 23 23 28 28 29 29 30 30 30 30 31 31 39 48 48 49 49 54 54 55 55
COMA                 : 4 48 54
COMILLA              : 7 7 8 8 39 39
COUNT                : 11 12
DESC                 : 57
DISTINCT             : 3 12
DISTINTO             : 37
FROM                 : 13 14 15
GROUP                : 46
HAVING               : 50
IGUAL                : 33
IN                   : 42 43
INNER                : 18 19 20
IS                   : 40 41
JOIN                 : 18 19 20 21 22 23
LEFT                 : 21 22 23
MAX                  : 10
MAYOR                : 34
MAYOR_O_IGUAL        : 36
MENOR                : 32
MENOR_O_IGUAL        : 35
MIN                  : 9
NOT                  : 41 43
NULL                 : 40 41
NUMERO               : 38
ON                   : 18 19 20 21 22 23
OR                   : 26 27
ORDER                : 52
PARENTESIS_DERECHO   : 9 10 11 12 27 42 43
PARENTESIS_IZQUIERDO : 9 10 11 12 27 42 43
PUNTO                : 6 7 9 10 11 12 28 29 30 30 31 48 49 54 55
SELECT               : 2 3
WHERE                : 44
error                : 

Nonterminals, with rules where they appear

CAMPO                : 4 5
CAMPOS               : 2 3 4
CAMPOS_AGRUPADOS     : 46 48
CAMPOS_ORDENADOS     : 52 54
CONDICION            : 24
CONDICION_           : 18 19 20 21 22 23 25 25 26 26 27 27 44
CONS                 : 42 43 0
ELECCION_JOIN        : 16
FROM_                : 1
FUNCION              : 8 50
GROUP_BY             : 1
HAVING_              : 46
JOIN_                : 1 16
NULLABLE             : 31
OPERADOR_COMPARATIVO : 29 30 50
ORDEN                : 54 55
ORDER_BY             : 1
SELECT_              : 1
SUBCONS              : 28
VALOR                : 29 50
WHERE_               : 1

Parsing method: LALR

state 0

    (0) S' -> . CONS
    (1) CONS -> . SELECT_ FROM_ JOIN_ WHERE_ GROUP_BY ORDER_BY
    (2) SELECT_ -> . SELECT CAMPOS
    (3) SELECT_ -> . SELECT DISTINCT CAMPOS

    SELECT          shift and go to state 3

    CONS                           shift and go to state 1
    SELECT_                        shift and go to state 2

state 1

    (0) S' -> CONS .



state 2

    (1) CONS -> SELECT_ . FROM_ JOIN_ WHERE_ GROUP_BY ORDER_BY
    (13) FROM_ -> . FROM CADENA
    (14) FROM_ -> . FROM CADENA CADENA
    (15) FROM_ -> . FROM CADENA AS CADENA

    FROM            shift and go to state 5

    FROM_                          shift and go to state 4

state 3

    (2) SELECT_ -> SELECT . CAMPOS
    (3) SELECT_ -> SELECT . DISTINCT CAMPOS
    (4) CAMPOS -> . CAMPO COMA CAMPOS
    (5) CAMPOS -> . CAMPO
    (6) CAMPO -> . CADENA PUNTO CADENA
    (7) CAMPO -> . CADENA PUNTO CADENA AS COMILLA CADENA COMILLA
    (8) CAMPO -> . FUNCION AS COMILLA CADENA COMILLA
    (9) FUNCION -> . MIN PARENTESIS_IZQUIERDO CADENA PUNTO CADENA PARENTESIS_DERECHO
    (10) FUNCION -> . MAX PARENTESIS_IZQUIERDO CADENA PUNTO CADENA PARENTESIS_DERECHO
    (11) FUNCION -> . COUNT PARENTESIS_IZQUIERDO CADENA PUNTO CADENA PARENTESIS_DERECHO
    (12) FUNCION -> . COUNT PARENTESIS_IZQUIERDO DISTINCT CADENA PUNTO CADENA PARENTESIS_DERECHO

    DISTINCT        shift and go to state 7
    CADENA          shift and go to state 9
    MIN             shift and go to state 11
    MAX             shift and go to state 12
    COUNT           shift and go to state 13

    CAMPOS                         shift and go to state 6
    CAMPO                          shift and go to state 8
    FUNCION                        shift and go to state 10

state 4

    (1) CONS -> SELECT_ FROM_ . JOIN_ WHERE_ GROUP_BY ORDER_BY
    (16) JOIN_ -> . ELECCION_JOIN JOIN_
    (17) JOIN_ -> .
    (18) ELECCION_JOIN -> . INNER JOIN CADENA ON CONDICION_
    (19) ELECCION_JOIN -> . INNER JOIN CADENA CADENA ON CONDICION_
    (20) ELECCION_JOIN -> . INNER JOIN CADENA AS CADENA ON CONDICION_
    (21) ELECCION_JOIN -> . LEFT JOIN CADENA ON CONDICION_
    (22) ELECCION_JOIN -> . LEFT JOIN CADENA CADENA ON CONDICION_
    (23) ELECCION_JOIN -> . LEFT JOIN CADENA AS CADENA ON CONDICION_

    WHERE           reduce using rule 17 (JOIN_ -> .)
    GROUP           reduce using rule 17 (JOIN_ -> .)
    ORDER           reduce using rule 17 (JOIN_ -> .)
    $end            reduce using rule 17 (JOIN_ -> .)
    PARENTESIS_DERECHO reduce using rule 17 (JOIN_ -> .)
    INNER           shift and go to state 16
    LEFT            shift and go to state 17

    JOIN_                          shift and go to state 14
    ELECCION_JOIN                  shift and go to state 15

state 5

    (13) FROM_ -> FROM . CADENA
    (14) FROM_ -> FROM . CADENA CADENA
    (15) FROM_ -> FROM . CADENA AS CADENA

    CADENA          shift and go to state 18


state 6

    (2) SELECT_ -> SELECT CAMPOS .

    FROM            reduce using rule 2 (SELECT_ -> SELECT CAMPOS .)


state 7

    (3) SELECT_ -> SELECT DISTINCT . CAMPOS
    (4) CAMPOS -> . CAMPO COMA CAMPOS
    (5) CAMPOS -> . CAMPO
    (6) CAMPO -> . CADENA PUNTO CADENA
    (7) CAMPO -> . CADENA PUNTO CADENA AS COMILLA CADENA COMILLA
    (8) CAMPO -> . FUNCION AS COMILLA CADENA COMILLA
    (9) FUNCION -> . MIN PARENTESIS_IZQUIERDO CADENA PUNTO CADENA PARENTESIS_DERECHO
    (10) FUNCION -> . MAX PARENTESIS_IZQUIERDO CADENA PUNTO CADENA PARENTESIS_DERECHO
    (11) FUNCION -> . COUNT PARENTESIS_IZQUIERDO CADENA PUNTO CADENA PARENTESIS_DERECHO
    (12) FUNCION -> . COUNT PARENTESIS_IZQUIERDO DISTINCT CADENA PUNTO CADENA PARENTESIS_DERECHO

    CADENA          shift and go to state 9
    MIN             shift and go to state 11
    MAX             shift and go to state 12
    COUNT           shift and go to state 13

    CAMPOS                         shift and go to state 19
    CAMPO                          shift and go to state 8
    FUNCION                        shift and go to state 10

state 8

    (4) CAMPOS -> CAMPO . COMA CAMPOS
    (5) CAMPOS -> CAMPO .

    COMA            shift and go to state 20
    FROM            reduce using rule 5 (CAMPOS -> CAMPO .)


state 9

    (6) CAMPO -> CADENA . PUNTO CADENA
    (7) CAMPO -> CADENA . PUNTO CADENA AS COMILLA CADENA COMILLA

    PUNTO           shift and go to state 21


state 10

    (8) CAMPO -> FUNCION . AS COMILLA CADENA COMILLA

    AS              shift and go to state 22


state 11

    (9) FUNCION -> MIN . PARENTESIS_IZQUIERDO CADENA PUNTO CADENA PARENTESIS_DERECHO

    PARENTESIS_IZQUIERDO shift and go to state 23


state 12

    (10) FUNCION -> MAX . PARENTESIS_IZQUIERDO CADENA PUNTO CADENA PARENTESIS_DERECHO

    PARENTESIS_IZQUIERDO shift and go to state 24


state 13

    (11) FUNCION -> COUNT . PARENTESIS_IZQUIERDO CADENA PUNTO CADENA PARENTESIS_DERECHO
    (12) FUNCION -> COUNT . PARENTESIS_IZQUIERDO DISTINCT CADENA PUNTO CADENA PARENTESIS_DERECHO

    PARENTESIS_IZQUIERDO shift and go to state 25


state 14

    (1) CONS -> SELECT_ FROM_ JOIN_ . WHERE_ GROUP_BY ORDER_BY
    (44) WHERE_ -> . WHERE CONDICION_
    (45) WHERE_ -> .

    WHERE           shift and go to state 27
    GROUP           reduce using rule 45 (WHERE_ -> .)
    ORDER           reduce using rule 45 (WHERE_ -> .)
    $end            reduce using rule 45 (WHERE_ -> .)
    PARENTESIS_DERECHO reduce using rule 45 (WHERE_ -> .)

    WHERE_                         shift and go to state 26

state 15

    (16) JOIN_ -> ELECCION_JOIN . JOIN_
    (16) JOIN_ -> . ELECCION_JOIN JOIN_
    (17) JOIN_ -> .
    (18) ELECCION_JOIN -> . INNER JOIN CADENA ON CONDICION_
    (19) ELECCION_JOIN -> . INNER JOIN CADENA CADENA ON CONDICION_
    (20) ELECCION_JOIN -> . INNER JOIN CADENA AS CADENA ON CONDICION_
    (21) ELECCION_JOIN -> . LEFT JOIN CADENA ON CONDICION_
    (22) ELECCION_JOIN -> . LEFT JOIN CADENA CADENA ON CONDICION_
    (23) ELECCION_JOIN -> . LEFT JOIN CADENA AS CADENA ON CONDICION_

    WHERE           reduce using rule 17 (JOIN_ -> .)
    GROUP           reduce using rule 17 (JOIN_ -> .)
    ORDER           reduce using rule 17 (JOIN_ -> .)
    $end            reduce using rule 17 (JOIN_ -> .)
    PARENTESIS_DERECHO reduce using rule 17 (JOIN_ -> .)
    INNER           shift and go to state 16
    LEFT            shift and go to state 17

    ELECCION_JOIN                  shift and go to state 15
    JOIN_                          shift and go to state 28

state 16

    (18) ELECCION_JOIN -> INNER . JOIN CADENA ON CONDICION_
    (19) ELECCION_JOIN -> INNER . JOIN CADENA CADENA ON CONDICION_
    (20) ELECCION_JOIN -> INNER . JOIN CADENA AS CADENA ON CONDICION_

    JOIN            shift and go to state 29


state 17

    (21) ELECCION_JOIN -> LEFT . JOIN CADENA ON CONDICION_
    (22) ELECCION_JOIN -> LEFT . JOIN CADENA CADENA ON CONDICION_
    (23) ELECCION_JOIN -> LEFT . JOIN CADENA AS CADENA ON CONDICION_

    JOIN            shift and go to state 30


state 18

    (13) FROM_ -> FROM CADENA .
    (14) FROM_ -> FROM CADENA . CADENA
    (15) FROM_ -> FROM CADENA . AS CADENA

    INNER           reduce using rule 13 (FROM_ -> FROM CADENA .)
    LEFT            reduce using rule 13 (FROM_ -> FROM CADENA .)
    WHERE           reduce using rule 13 (FROM_ -> FROM CADENA .)
    GROUP           reduce using rule 13 (FROM_ -> FROM CADENA .)
    ORDER           reduce using rule 13 (FROM_ -> FROM CADENA .)
    $end            reduce using rule 13 (FROM_ -> FROM CADENA .)
    PARENTESIS_DERECHO reduce using rule 13 (FROM_ -> FROM CADENA .)
    CADENA          shift and go to state 31
    AS              shift and go to state 32


state 19

    (3) SELECT_ -> SELECT DISTINCT CAMPOS .

    FROM            reduce using rule 3 (SELECT_ -> SELECT DISTINCT CAMPOS .)


state 20

    (4) CAMPOS -> CAMPO COMA . CAMPOS
    (4) CAMPOS -> . CAMPO COMA CAMPOS
    (5) CAMPOS -> . CAMPO
    (6) CAMPO -> . CADENA PUNTO CADENA
    (7) CAMPO -> . CADENA PUNTO CADENA AS COMILLA CADENA COMILLA
    (8) CAMPO -> . FUNCION AS COMILLA CADENA COMILLA
    (9) FUNCION -> . MIN PARENTESIS_IZQUIERDO CADENA PUNTO CADENA PARENTESIS_DERECHO
    (10) FUNCION -> . MAX PARENTESIS_IZQUIERDO CADENA PUNTO CADENA PARENTESIS_DERECHO
    (11) FUNCION -> . COUNT PARENTESIS_IZQUIERDO CADENA PUNTO CADENA PARENTESIS_DERECHO
    (12) FUNCION -> . COUNT PARENTESIS_IZQUIERDO DISTINCT CADENA PUNTO CADENA PARENTESIS_DERECHO

    CADENA          shift and go to state 9
    MIN             shift and go to state 11
    MAX             shift and go to state 12
    COUNT           shift and go to state 13

    CAMPO                          shift and go to state 8
    CAMPOS                         shift and go to state 33
    FUNCION                        shift and go to state 10

state 21

    (6) CAMPO -> CADENA PUNTO . CADENA
    (7) CAMPO -> CADENA PUNTO . CADENA AS COMILLA CADENA COMILLA

    CADENA          shift and go to state 34


state 22

    (8) CAMPO -> FUNCION AS . COMILLA CADENA COMILLA

    COMILLA         shift and go to state 35


state 23

    (9) FUNCION -> MIN PARENTESIS_IZQUIERDO . CADENA PUNTO CADENA PARENTESIS_DERECHO

    CADENA          shift and go to state 36


state 24

    (10) FUNCION -> MAX PARENTESIS_IZQUIERDO . CADENA PUNTO CADENA PARENTESIS_DERECHO

    CADENA          shift and go to state 37


state 25

    (11) FUNCION -> COUNT PARENTESIS_IZQUIERDO . CADENA PUNTO CADENA PARENTESIS_DERECHO
    (12) FUNCION -> COUNT PARENTESIS_IZQUIERDO . DISTINCT CADENA PUNTO CADENA PARENTESIS_DERECHO

    CADENA          shift and go to state 38
    DISTINCT        shift and go to state 39


state 26

    (1) CONS -> SELECT_ FROM_ JOIN_ WHERE_ . GROUP_BY ORDER_BY
    (46) GROUP_BY -> . GROUP BY CAMPOS_AGRUPADOS HAVING_
    (47) GROUP_BY -> .

    GROUP           shift and go to state 41
    ORDER           reduce using rule 47 (GROUP_BY -> .)
    $end            reduce using rule 47 (GROUP_BY -> .)
    PARENTESIS_DERECHO reduce using rule 47 (GROUP_BY -> .)

    GROUP_BY                       shift and go to state 40

state 27

    (44) WHERE_ -> WHERE . CONDICION_
    (24) CONDICION_ -> . CONDICION
    (25) CONDICION_ -> . CONDICION_ AND CONDICION_
    (26) CONDICION_ -> . CONDICION_ OR CONDICION_
    (27) CONDICION_ -> . PARENTESIS_IZQUIERDO CONDICION_ OR CONDICION_ PARENTESIS_DERECHO
    (28) CONDICION_ -> . CADENA PUNTO CADENA SUBCONS
    (29) CONDICION -> . CADENA PUNTO CADENA OPERADOR_COMPARATIVO VALOR
    (30) CONDICION -> . CADENA PUNTO CADENA OPERADOR_COMPARATIVO CADENA PUNTO CADENA
    (31) CONDICION -> . CADENA PUNTO CADENA NULLABLE

    PARENTESIS_IZQUIERDO shift and go to state 44
    CADENA          shift and go to state 45

    CONDICION_                     shift and go to state 42
    CONDICION                      shift and go to state 43

state 28

    (16) JOIN_ -> ELECCION_JOIN JOIN_ .

    WHERE           reduce using rule 16 (JOIN_ -> ELECCION_JOIN JOIN_ .)
    GROUP           reduce using rule 16 (JOIN_ -> ELECCION_JOIN JOIN_ .)
    ORDER           reduce using rule 16 (JOIN_ -> ELECCION_JOIN JOIN_ .)
    $end            reduce using rule 16 (JOIN_ -> ELECCION_JOIN JOIN_ .)
    PARENTESIS_DERECHO reduce using rule 16 (JOIN_ -> ELECCION_JOIN JOIN_ .)


state 29

    (18) ELECCION_JOIN -> INNER JOIN . CADENA ON CONDICION_
    (19) ELECCION_JOIN -> INNER JOIN . CADENA CADENA ON CONDICION_
    (20) ELECCION_JOIN -> INNER JOIN . CADENA AS CADENA ON CONDICION_

    CADENA          shift and go to state 46


state 30

    (21) ELECCION_JOIN -> LEFT JOIN . CADENA ON CONDICION_
    (22) ELECCION_JOIN -> LEFT JOIN . CADENA CADENA ON CONDICION_
    (23) ELECCION_JOIN -> LEFT JOIN . CADENA AS CADENA ON CONDICION_

    CADENA          shift and go to state 47


state 31

    (14) FROM_ -> FROM CADENA CADENA .

    INNER           reduce using rule 14 (FROM_ -> FROM CADENA CADENA .)
    LEFT            reduce using rule 14 (FROM_ -> FROM CADENA CADENA .)
    WHERE           reduce using rule 14 (FROM_ -> FROM CADENA CADENA .)
    GROUP           reduce using rule 14 (FROM_ -> FROM CADENA CADENA .)
    ORDER           reduce using rule 14 (FROM_ -> FROM CADENA CADENA .)
    $end            reduce using rule 14 (FROM_ -> FROM CADENA CADENA .)
    PARENTESIS_DERECHO reduce using rule 14 (FROM_ -> FROM CADENA CADENA .)


state 32

    (15) FROM_ -> FROM CADENA AS . CADENA

    CADENA          shift and go to state 48


state 33

    (4) CAMPOS -> CAMPO COMA CAMPOS .

    FROM            reduce using rule 4 (CAMPOS -> CAMPO COMA CAMPOS .)


state 34

    (6) CAMPO -> CADENA PUNTO CADENA .
    (7) CAMPO -> CADENA PUNTO CADENA . AS COMILLA CADENA COMILLA

    COMA            reduce using rule 6 (CAMPO -> CADENA PUNTO CADENA .)
    FROM            reduce using rule 6 (CAMPO -> CADENA PUNTO CADENA .)
    AS              shift and go to state 49


state 35

    (8) CAMPO -> FUNCION AS COMILLA . CADENA COMILLA

    CADENA          shift and go to state 50


state 36

    (9) FUNCION -> MIN PARENTESIS_IZQUIERDO CADENA . PUNTO CADENA PARENTESIS_DERECHO

    PUNTO           shift and go to state 51


state 37

    (10) FUNCION -> MAX PARENTESIS_IZQUIERDO CADENA . PUNTO CADENA PARENTESIS_DERECHO

    PUNTO           shift and go to state 52


state 38

    (11) FUNCION -> COUNT PARENTESIS_IZQUIERDO CADENA . PUNTO CADENA PARENTESIS_DERECHO

    PUNTO           shift and go to state 53


state 39

    (12) FUNCION -> COUNT PARENTESIS_IZQUIERDO DISTINCT . CADENA PUNTO CADENA PARENTESIS_DERECHO

    CADENA          shift and go to state 54


state 40

    (1) CONS -> SELECT_ FROM_ JOIN_ WHERE_ GROUP_BY . ORDER_BY
    (52) ORDER_BY -> . ORDER BY CAMPOS_ORDENADOS
    (53) ORDER_BY -> .

    ORDER           shift and go to state 56
    $end            reduce using rule 53 (ORDER_BY -> .)
    PARENTESIS_DERECHO reduce using rule 53 (ORDER_BY -> .)

    ORDER_BY                       shift and go to state 55

state 41

    (46) GROUP_BY -> GROUP . BY CAMPOS_AGRUPADOS HAVING_

    BY              shift and go to state 57


state 42

    (44) WHERE_ -> WHERE CONDICION_ .
    (25) CONDICION_ -> CONDICION_ . AND CONDICION_
    (26) CONDICION_ -> CONDICION_ . OR CONDICION_

    GROUP           reduce using rule 44 (WHERE_ -> WHERE CONDICION_ .)
    ORDER           reduce using rule 44 (WHERE_ -> WHERE CONDICION_ .)
    $end            reduce using rule 44 (WHERE_ -> WHERE CONDICION_ .)
    PARENTESIS_DERECHO reduce using rule 44 (WHERE_ -> WHERE CONDICION_ .)
    AND             shift and go to state 58
    OR              shift and go to state 59


state 43

    (24) CONDICION_ -> CONDICION .

    AND             reduce using rule 24 (CONDICION_ -> CONDICION .)
    OR              reduce using rule 24 (CONDICION_ -> CONDICION .)
    GROUP           reduce using rule 24 (CONDICION_ -> CONDICION .)
    ORDER           reduce using rule 24 (CONDICION_ -> CONDICION .)
    $end            reduce using rule 24 (CONDICION_ -> CONDICION .)
    PARENTESIS_DERECHO reduce using rule 24 (CONDICION_ -> CONDICION .)
    INNER           reduce using rule 24 (CONDICION_ -> CONDICION .)
    LEFT            reduce using rule 24 (CONDICION_ -> CONDICION .)
    WHERE           reduce using rule 24 (CONDICION_ -> CONDICION .)


state 44

    (27) CONDICION_ -> PARENTESIS_IZQUIERDO . CONDICION_ OR CONDICION_ PARENTESIS_DERECHO
    (24) CONDICION_ -> . CONDICION
    (25) CONDICION_ -> . CONDICION_ AND CONDICION_
    (26) CONDICION_ -> . CONDICION_ OR CONDICION_
    (27) CONDICION_ -> . PARENTESIS_IZQUIERDO CONDICION_ OR CONDICION_ PARENTESIS_DERECHO
    (28) CONDICION_ -> . CADENA PUNTO CADENA SUBCONS
    (29) CONDICION -> . CADENA PUNTO CADENA OPERADOR_COMPARATIVO VALOR
    (30) CONDICION -> . CADENA PUNTO CADENA OPERADOR_COMPARATIVO CADENA PUNTO CADENA
    (31) CONDICION -> . CADENA PUNTO CADENA NULLABLE

    PARENTESIS_IZQUIERDO shift and go to state 44
    CADENA          shift and go to state 45

    CONDICION_                     shift and go to state 60
    CONDICION                      shift and go to state 43

state 45

    (28) CONDICION_ -> CADENA . PUNTO CADENA SUBCONS
    (29) CONDICION -> CADENA . PUNTO CADENA OPERADOR_COMPARATIVO VALOR
    (30) CONDICION -> CADENA . PUNTO CADENA OPERADOR_COMPARATIVO CADENA PUNTO CADENA
    (31) CONDICION -> CADENA . PUNTO CADENA NULLABLE

    PUNTO           shift and go to state 61


state 46

    (18) ELECCION_JOIN -> INNER JOIN CADENA . ON CONDICION_
    (19) ELECCION_JOIN -> INNER JOIN CADENA . CADENA ON CONDICION_
    (20) ELECCION_JOIN -> INNER JOIN CADENA . AS CADENA ON CONDICION_

    ON              shift and go to state 63
    CADENA          shift and go to state 62
    AS              shift and go to state 64


state 47

    (21) ELECCION_JOIN -> LEFT JOIN CADENA . ON CONDICION_
    (22) ELECCION_JOIN -> LEFT JOIN CADENA . CADENA ON CONDICION_
    (23) ELECCION_JOIN -> LEFT JOIN CADENA . AS CADENA ON CONDICION_

    ON              shift and go to state 66
    CADENA          shift and go to state 65
    AS              shift and go to state 67


state 48

    (15) FROM_ -> FROM CADENA AS CADENA .

    INNER           reduce using rule 15 (FROM_ -> FROM CADENA AS CADENA .)
    LEFT            reduce using rule 15 (FROM_ -> FROM CADENA AS CADENA .)
    WHERE           reduce using rule 15 (FROM_ -> FROM CADENA AS CADENA .)
    GROUP           reduce using rule 15 (FROM_ -> FROM CADENA AS CADENA .)
    ORDER           reduce using rule 15 (FROM_ -> FROM CADENA AS CADENA .)
    $end            reduce using rule 15 (FROM_ -> FROM CADENA AS CADENA .)
    PARENTESIS_DERECHO reduce using rule 15 (FROM_ -> FROM CADENA AS CADENA .)


state 49

    (7) CAMPO -> CADENA PUNTO CADENA AS . COMILLA CADENA COMILLA

    COMILLA         shift and go to state 68


state 50

    (8) CAMPO -> FUNCION AS COMILLA CADENA . COMILLA

    COMILLA         shift and go to state 69


state 51

    (9) FUNCION -> MIN PARENTESIS_IZQUIERDO CADENA PUNTO . CADENA PARENTESIS_DERECHO

    CADENA          shift and go to state 70


state 52

    (10) FUNCION -> MAX PARENTESIS_IZQUIERDO CADENA PUNTO . CADENA PARENTESIS_DERECHO

    CADENA          shift and go to state 71


state 53

    (11) FUNCION -> COUNT PARENTESIS_IZQUIERDO CADENA PUNTO . CADENA PARENTESIS_DERECHO

    CADENA          shift and go to state 72


state 54

    (12) FUNCION -> COUNT PARENTESIS_IZQUIERDO DISTINCT CADENA . PUNTO CADENA PARENTESIS_DERECHO

    PUNTO           shift and go to state 73


state 55

    (1) CONS -> SELECT_ FROM_ JOIN_ WHERE_ GROUP_BY ORDER_BY .

    $end            reduce using rule 1 (CONS -> SELECT_ FROM_ JOIN_ WHERE_ GROUP_BY ORDER_BY .)
    PARENTESIS_DERECHO reduce using rule 1 (CONS -> SELECT_ FROM_ JOIN_ WHERE_ GROUP_BY ORDER_BY .)


state 56

    (52) ORDER_BY -> ORDER . BY CAMPOS_ORDENADOS

    BY              shift and go to state 74


state 57

    (46) GROUP_BY -> GROUP BY . CAMPOS_AGRUPADOS HAVING_
    (48) CAMPOS_AGRUPADOS -> . CADENA PUNTO CADENA COMA CAMPOS_AGRUPADOS
    (49) CAMPOS_AGRUPADOS -> . CADENA PUNTO CADENA

    CADENA          shift and go to state 76

    CAMPOS_AGRUPADOS               shift and go to state 75

state 58

    (25) CONDICION_ -> CONDICION_ AND . CONDICION_
    (24) CONDICION_ -> . CONDICION
    (25) CONDICION_ -> . CONDICION_ AND CONDICION_
    (26) CONDICION_ -> . CONDICION_ OR CONDICION_
    (27) CONDICION_ -> . PARENTESIS_IZQUIERDO CONDICION_ OR CONDICION_ PARENTESIS_DERECHO
    (28) CONDICION_ -> . CADENA PUNTO CADENA SUBCONS
    (29) CONDICION -> . CADENA PUNTO CADENA OPERADOR_COMPARATIVO VALOR
    (30) CONDICION -> . CADENA PUNTO CADENA OPERADOR_COMPARATIVO CADENA PUNTO CADENA
    (31) CONDICION -> . CADENA PUNTO CADENA NULLABLE

    PARENTESIS_IZQUIERDO shift and go to state 44
    CADENA          shift and go to state 45

    CONDICION_                     shift and go to state 77
    CONDICION                      shift and go to state 43

state 59

    (26) CONDICION_ -> CONDICION_ OR . CONDICION_
    (24) CONDICION_ -> . CONDICION
    (25) CONDICION_ -> . CONDICION_ AND CONDICION_
    (26) CONDICION_ -> . CONDICION_ OR CONDICION_
    (27) CONDICION_ -> . PARENTESIS_IZQUIERDO CONDICION_ OR CONDICION_ PARENTESIS_DERECHO
    (28) CONDICION_ -> . CADENA PUNTO CADENA SUBCONS
    (29) CONDICION -> . CADENA PUNTO CADENA OPERADOR_COMPARATIVO VALOR
    (30) CONDICION -> . CADENA PUNTO CADENA OPERADOR_COMPARATIVO CADENA PUNTO CADENA
    (31) CONDICION -> . CADENA PUNTO CADENA NULLABLE

    PARENTESIS_IZQUIERDO shift and go to state 44
    CADENA          shift and go to state 45

    CONDICION_                     shift and go to state 78
    CONDICION                      shift and go to state 43

state 60

    (27) CONDICION_ -> PARENTESIS_IZQUIERDO CONDICION_ . OR CONDICION_ PARENTESIS_DERECHO
    (25) CONDICION_ -> CONDICION_ . AND CONDICION_
    (26) CONDICION_ -> CONDICION_ . OR CONDICION_

    OR              shift and go to state 79
    AND             shift and go to state 58


state 61

    (28) CONDICION_ -> CADENA PUNTO . CADENA SUBCONS
    (29) CONDICION -> CADENA PUNTO . CADENA OPERADOR_COMPARATIVO VALOR
    (30) CONDICION -> CADENA PUNTO . CADENA OPERADOR_COMPARATIVO CADENA PUNTO CADENA
    (31) CONDICION -> CADENA PUNTO . CADENA NULLABLE

    CADENA          shift and go to state 80


state 62

    (19) ELECCION_JOIN -> INNER JOIN CADENA CADENA . ON CONDICION_

    ON              shift and go to state 81


state 63

    (18) ELECCION_JOIN -> INNER JOIN CADENA ON . CONDICION_
    (24) CONDICION_ -> . CONDICION
    (25) CONDICION_ -> . CONDICION_ AND CONDICION_
    (26) CONDICION_ -> . CONDICION_ OR CONDICION_
    (27) CONDICION_ -> . PARENTESIS_IZQUIERDO CONDICION_ OR CONDICION_ PARENTESIS_DERECHO
    (28) CONDICION_ -> . CADENA PUNTO CADENA SUBCONS
    (29) CONDICION -> . CADENA PUNTO CADENA OPERADOR_COMPARATIVO VALOR
    (30) CONDICION -> . CADENA PUNTO CADENA OPERADOR_COMPARATIVO CADENA PUNTO CADENA
    (31) CONDICION -> . CADENA PUNTO CADENA NULLABLE

    PARENTESIS_IZQUIERDO shift and go to state 44
    CADENA          shift and go to state 45

    CONDICION_                     shift and go to state 82
    CONDICION                      shift and go to state 43

state 64

    (20) ELECCION_JOIN -> INNER JOIN CADENA AS . CADENA ON CONDICION_

    CADENA          shift and go to state 83


state 65

    (22) ELECCION_JOIN -> LEFT JOIN CADENA CADENA . ON CONDICION_

    ON              shift and go to state 84


state 66

    (21) ELECCION_JOIN -> LEFT JOIN CADENA ON . CONDICION_
    (24) CONDICION_ -> . CONDICION
    (25) CONDICION_ -> . CONDICION_ AND CONDICION_
    (26) CONDICION_ -> . CONDICION_ OR CONDICION_
    (27) CONDICION_ -> . PARENTESIS_IZQUIERDO CONDICION_ OR CONDICION_ PARENTESIS_DERECHO
    (28) CONDICION_ -> . CADENA PUNTO CADENA SUBCONS
    (29) CONDICION -> . CADENA PUNTO CADENA OPERADOR_COMPARATIVO VALOR
    (30) CONDICION -> . CADENA PUNTO CADENA OPERADOR_COMPARATIVO CADENA PUNTO CADENA
    (31) CONDICION -> . CADENA PUNTO CADENA NULLABLE

    PARENTESIS_IZQUIERDO shift and go to state 44
    CADENA          shift and go to state 45

    CONDICION_                     shift and go to state 85
    CONDICION                      shift and go to state 43

state 67

    (23) ELECCION_JOIN -> LEFT JOIN CADENA AS . CADENA ON CONDICION_

    CADENA          shift and go to state 86


state 68

    (7) CAMPO -> CADENA PUNTO CADENA AS COMILLA . CADENA COMILLA

    CADENA          shift and go to state 87


state 69

    (8) CAMPO -> FUNCION AS COMILLA CADENA COMILLA .

    COMA            reduce using rule 8 (CAMPO -> FUNCION AS COMILLA CADENA COMILLA .)
    FROM            reduce using rule 8 (CAMPO -> FUNCION AS COMILLA CADENA COMILLA .)


state 70

    (9) FUNCION -> MIN PARENTESIS_IZQUIERDO CADENA PUNTO CADENA . PARENTESIS_DERECHO

    PARENTESIS_DERECHO shift and go to state 88


state 71

    (10) FUNCION -> MAX PARENTESIS_IZQUIERDO CADENA PUNTO CADENA . PARENTESIS_DERECHO

    PARENTESIS_DERECHO shift and go to state 89


state 72

    (11) FUNCION -> COUNT PARENTESIS_IZQUIERDO CADENA PUNTO CADENA . PARENTESIS_DERECHO

    PARENTESIS_DERECHO shift and go to state 90


state 73

    (12) FUNCION -> COUNT PARENTESIS_IZQUIERDO DISTINCT CADENA PUNTO . CADENA PARENTESIS_DERECHO

    CADENA          shift and go to state 91


state 74

    (52) ORDER_BY -> ORDER BY . CAMPOS_ORDENADOS
    (54) CAMPOS_ORDENADOS -> . CADENA PUNTO CADENA ORDEN COMA CAMPOS_ORDENADOS
    (55) CAMPOS_ORDENADOS -> . CADENA PUNTO CADENA ORDEN

    CADENA          shift and go to state 93

    CAMPOS_ORDENADOS               shift and go to state 92

state 75

    (46) GROUP_BY -> GROUP BY CAMPOS_AGRUPADOS . HAVING_
    (50) HAVING_ -> . HAVING FUNCION OPERADOR_COMPARATIVO VALOR
    (51) HAVING_ -> .

    HAVING          shift and go to state 95
    ORDER           reduce using rule 51 (HAVING_ -> .)
    $end            reduce using rule 51 (HAVING_ -> .)
    PARENTESIS_DERECHO reduce using rule 51 (HAVING_ -> .)

    HAVING_                        shift and go to state 94

state 76

    (48) CAMPOS_AGRUPADOS -> CADENA . PUNTO CADENA COMA CAMPOS_AGRUPADOS
    (49) CAMPOS_AGRUPADOS -> CADENA . PUNTO CADENA

    PUNTO           shift and go to state 96


state 77

    (25) CONDICION_ -> CONDICION_ AND CONDICION_ .
    (25) CONDICION_ -> CONDICION_ . AND CONDICION_
    (26) CONDICION_ -> CONDICION_ . OR CONDICION_

  ! shift/reduce conflict for AND resolved as shift
  ! shift/reduce conflict for OR resolved as shift
    GROUP           reduce using rule 25 (CONDICION_ -> CONDICION_ AND CONDICION_ .)
    ORDER           reduce using rule 25 (CONDICION_ -> CONDICION_ AND CONDICION_ .)
    $end            reduce using rule 25 (CONDICION_ -> CONDICION_ AND CONDICION_ .)
    PARENTESIS_DERECHO reduce using rule 25 (CONDICION_ -> CONDICION_ AND CONDICION_ .)
    INNER           reduce using rule 25 (CONDICION_ -> CONDICION_ AND CONDICION_ .)
    LEFT            reduce using rule 25 (CONDICION_ -> CONDICION_ AND CONDICION_ .)
    WHERE           reduce using rule 25 (CONDICION_ -> CONDICION_ AND CONDICION_ .)
    AND             shift and go to state 58
    OR              shift and go to state 59

  ! AND             [ reduce using rule 25 (CONDICION_ -> CONDICION_ AND CONDICION_ .) ]
  ! OR              [ reduce using rule 25 (CONDICION_ -> CONDICION_ AND CONDICION_ .) ]


state 78

    (26) CONDICION_ -> CONDICION_ OR CONDICION_ .
    (25) CONDICION_ -> CONDICION_ . AND CONDICION_
    (26) CONDICION_ -> CONDICION_ . OR CONDICION_

  ! shift/reduce conflict for AND resolved as shift
  ! shift/reduce conflict for OR resolved as shift
    GROUP           reduce using rule 26 (CONDICION_ -> CONDICION_ OR CONDICION_ .)
    ORDER           reduce using rule 26 (CONDICION_ -> CONDICION_ OR CONDICION_ .)
    $end            reduce using rule 26 (CONDICION_ -> CONDICION_ OR CONDICION_ .)
    PARENTESIS_DERECHO reduce using rule 26 (CONDICION_ -> CONDICION_ OR CONDICION_ .)
    INNER           reduce using rule 26 (CONDICION_ -> CONDICION_ OR CONDICION_ .)
    LEFT            reduce using rule 26 (CONDICION_ -> CONDICION_ OR CONDICION_ .)
    WHERE           reduce using rule 26 (CONDICION_ -> CONDICION_ OR CONDICION_ .)
    AND             shift and go to state 58
    OR              shift and go to state 59

  ! AND             [ reduce using rule 26 (CONDICION_ -> CONDICION_ OR CONDICION_ .) ]
  ! OR              [ reduce using rule 26 (CONDICION_ -> CONDICION_ OR CONDICION_ .) ]


state 79

    (27) CONDICION_ -> PARENTESIS_IZQUIERDO CONDICION_ OR . CONDICION_ PARENTESIS_DERECHO
    (26) CONDICION_ -> CONDICION_ OR . CONDICION_
    (24) CONDICION_ -> . CONDICION
    (25) CONDICION_ -> . CONDICION_ AND CONDICION_
    (26) CONDICION_ -> . CONDICION_ OR CONDICION_
    (27) CONDICION_ -> . PARENTESIS_IZQUIERDO CONDICION_ OR CONDICION_ PARENTESIS_DERECHO
    (28) CONDICION_ -> . CADENA PUNTO CADENA SUBCONS
    (29) CONDICION -> . CADENA PUNTO CADENA OPERADOR_COMPARATIVO VALOR
    (30) CONDICION -> . CADENA PUNTO CADENA OPERADOR_COMPARATIVO CADENA PUNTO CADENA
    (31) CONDICION -> . CADENA PUNTO CADENA NULLABLE

    PARENTESIS_IZQUIERDO shift and go to state 44
    CADENA          shift and go to state 45

    CONDICION_                     shift and go to state 97
    CONDICION                      shift and go to state 43

state 80

    (28) CONDICION_ -> CADENA PUNTO CADENA . SUBCONS
    (29) CONDICION -> CADENA PUNTO CADENA . OPERADOR_COMPARATIVO VALOR
    (30) CONDICION -> CADENA PUNTO CADENA . OPERADOR_COMPARATIVO CADENA PUNTO CADENA
    (31) CONDICION -> CADENA PUNTO CADENA . NULLABLE
    (42) SUBCONS -> . IN PARENTESIS_IZQUIERDO CONS PARENTESIS_DERECHO
    (43) SUBCONS -> . NOT IN PARENTESIS_IZQUIERDO CONS PARENTESIS_DERECHO
    (32) OPERADOR_COMPARATIVO -> . MENOR
    (33) OPERADOR_COMPARATIVO -> . IGUAL
    (34) OPERADOR_COMPARATIVO -> . MAYOR
    (35) OPERADOR_COMPARATIVO -> . MENOR_O_IGUAL
    (36) OPERADOR_COMPARATIVO -> . MAYOR_O_IGUAL
    (37) OPERADOR_COMPARATIVO -> . DISTINTO
    (40) NULLABLE -> . IS NULL
    (41) NULLABLE -> . IS NOT NULL

    IN              shift and go to state 101
    NOT             shift and go to state 102
    MENOR           shift and go to state 103
    IGUAL           shift and go to state 104
    MAYOR           shift and go to state 105
    MENOR_O_IGUAL   shift and go to state 106
    MAYOR_O_IGUAL   shift and go to state 107
    DISTINTO        shift and go to state 108
    IS              shift and go to state 109

    SUBCONS                        shift and go to state 98
    OPERADOR_COMPARATIVO           shift and go to state 99
    NULLABLE                       shift and go to state 100

state 81

    (19) ELECCION_JOIN -> INNER JOIN CADENA CADENA ON . CONDICION_
    (24) CONDICION_ -> . CONDICION
    (25) CONDICION_ -> . CONDICION_ AND CONDICION_
    (26) CONDICION_ -> . CONDICION_ OR CONDICION_
    (27) CONDICION_ -> . PARENTESIS_IZQUIERDO CONDICION_ OR CONDICION_ PARENTESIS_DERECHO
    (28) CONDICION_ -> . CADENA PUNTO CADENA SUBCONS
    (29) CONDICION -> . CADENA PUNTO CADENA OPERADOR_COMPARATIVO VALOR
    (30) CONDICION -> . CADENA PUNTO CADENA OPERADOR_COMPARATIVO CADENA PUNTO CADENA
    (31) CONDICION -> . CADENA PUNTO CADENA NULLABLE

    PARENTESIS_IZQUIERDO shift and go to state 44
    CADENA          shift and go to state 45

    CONDICION_                     shift and go to state 110
    CONDICION                      shift and go to state 43

state 82

    (18) ELECCION_JOIN -> INNER JOIN CADENA ON CONDICION_ .
    (25) CONDICION_ -> CONDICION_ . AND CONDICION_
    (26) CONDICION_ -> CONDICION_ . OR CONDICION_

    INNER           reduce using rule 18 (ELECCION_JOIN -> INNER JOIN CADENA ON CONDICION_ .)
    LEFT            reduce using rule 18 (ELECCION_JOIN -> INNER JOIN CADENA ON CONDICION_ .)
    WHERE           reduce using rule 18 (ELECCION_JOIN -> INNER JOIN CADENA ON CONDICION_ .)
    GROUP           reduce using rule 18 (ELECCION_JOIN -> INNER JOIN CADENA ON CONDICION_ .)
    ORDER           reduce using rule 18 (ELECCION_JOIN -> INNER JOIN CADENA ON CONDICION_ .)
    $end            reduce using rule 18 (ELECCION_JOIN -> INNER JOIN CADENA ON CONDICION_ .)
    PARENTESIS_DERECHO reduce using rule 18 (ELECCION_JOIN -> INNER JOIN CADENA ON CONDICION_ .)
    AND             shift and go to state 58
    OR              shift and go to state 59


state 83

    (20) ELECCION_JOIN -> INNER JOIN CADENA AS CADENA . ON CONDICION_

    ON              shift and go to state 111


state 84

    (22) ELECCION_JOIN -> LEFT JOIN CADENA CADENA ON . CONDICION_
    (24) CONDICION_ -> . CONDICION
    (25) CONDICION_ -> . CONDICION_ AND CONDICION_
    (26) CONDICION_ -> . CONDICION_ OR CONDICION_
    (27) CONDICION_ -> . PARENTESIS_IZQUIERDO CONDICION_ OR CONDICION_ PARENTESIS_DERECHO
    (28) CONDICION_ -> . CADENA PUNTO CADENA SUBCONS
    (29) CONDICION -> . CADENA PUNTO CADENA OPERADOR_COMPARATIVO VALOR
    (30) CONDICION -> . CADENA PUNTO CADENA OPERADOR_COMPARATIVO CADENA PUNTO CADENA
    (31) CONDICION -> . CADENA PUNTO CADENA NULLABLE

    PARENTESIS_IZQUIERDO shift and go to state 44
    CADENA          shift and go to state 45

    CONDICION_                     shift and go to state 112
    CONDICION                      shift and go to state 43

state 85

    (21) ELECCION_JOIN -> LEFT JOIN CADENA ON CONDICION_ .
    (25) CONDICION_ -> CONDICION_ . AND CONDICION_
    (26) CONDICION_ -> CONDICION_ . OR CONDICION_

    INNER           reduce using rule 21 (ELECCION_JOIN -> LEFT JOIN CADENA ON CONDICION_ .)
    LEFT            reduce using rule 21 (ELECCION_JOIN -> LEFT JOIN CADENA ON CONDICION_ .)
    WHERE           reduce using rule 21 (ELECCION_JOIN -> LEFT JOIN CADENA ON CONDICION_ .)
    GROUP           reduce using rule 21 (ELECCION_JOIN -> LEFT JOIN CADENA ON CONDICION_ .)
    ORDER           reduce using rule 21 (ELECCION_JOIN -> LEFT JOIN CADENA ON CONDICION_ .)
    $end            reduce using rule 21 (ELECCION_JOIN -> LEFT JOIN CADENA ON CONDICION_ .)
    PARENTESIS_DERECHO reduce using rule 21 (ELECCION_JOIN -> LEFT JOIN CADENA ON CONDICION_ .)
    AND             shift and go to state 58
    OR              shift and go to state 59


state 86

    (23) ELECCION_JOIN -> LEFT JOIN CADENA AS CADENA . ON CONDICION_

    ON              shift and go to state 113


state 87

    (7) CAMPO -> CADENA PUNTO CADENA AS COMILLA CADENA . COMILLA

    COMILLA         shift and go to state 114


state 88

    (9) FUNCION -> MIN PARENTESIS_IZQUIERDO CADENA PUNTO CADENA PARENTESIS_DERECHO .

    AS              reduce using rule 9 (FUNCION -> MIN PARENTESIS_IZQUIERDO CADENA PUNTO CADENA PARENTESIS_DERECHO .)
    MENOR           reduce using rule 9 (FUNCION -> MIN PARENTESIS_IZQUIERDO CADENA PUNTO CADENA PARENTESIS_DERECHO .)
    IGUAL           reduce using rule 9 (FUNCION -> MIN PARENTESIS_IZQUIERDO CADENA PUNTO CADENA PARENTESIS_DERECHO .)
    MAYOR           reduce using rule 9 (FUNCION -> MIN PARENTESIS_IZQUIERDO CADENA PUNTO CADENA PARENTESIS_DERECHO .)
    MENOR_O_IGUAL   reduce using rule 9 (FUNCION -> MIN PARENTESIS_IZQUIERDO CADENA PUNTO CADENA PARENTESIS_DERECHO .)
    MAYOR_O_IGUAL   reduce using rule 9 (FUNCION -> MIN PARENTESIS_IZQUIERDO CADENA PUNTO CADENA PARENTESIS_DERECHO .)
    DISTINTO        reduce using rule 9 (FUNCION -> MIN PARENTESIS_IZQUIERDO CADENA PUNTO CADENA PARENTESIS_DERECHO .)


state 89

    (10) FUNCION -> MAX PARENTESIS_IZQUIERDO CADENA PUNTO CADENA PARENTESIS_DERECHO .

    AS              reduce using rule 10 (FUNCION -> MAX PARENTESIS_IZQUIERDO CADENA PUNTO CADENA PARENTESIS_DERECHO .)
    MENOR           reduce using rule 10 (FUNCION -> MAX PARENTESIS_IZQUIERDO CADENA PUNTO CADENA PARENTESIS_DERECHO .)
    IGUAL           reduce using rule 10 (FUNCION -> MAX PARENTESIS_IZQUIERDO CADENA PUNTO CADENA PARENTESIS_DERECHO .)
    MAYOR           reduce using rule 10 (FUNCION -> MAX PARENTESIS_IZQUIERDO CADENA PUNTO CADENA PARENTESIS_DERECHO .)
    MENOR_O_IGUAL   reduce using rule 10 (FUNCION -> MAX PARENTESIS_IZQUIERDO CADENA PUNTO CADENA PARENTESIS_DERECHO .)
    MAYOR_O_IGUAL   reduce using rule 10 (FUNCION -> MAX PARENTESIS_IZQUIERDO CADENA PUNTO CADENA PARENTESIS_DERECHO .)
    DISTINTO        reduce using rule 10 (FUNCION -> MAX PARENTESIS_IZQUIERDO CADENA PUNTO CADENA PARENTESIS_DERECHO .)


state 90

    (11) FUNCION -> COUNT PARENTESIS_IZQUIERDO CADENA PUNTO CADENA PARENTESIS_DERECHO .

    AS              reduce using rule 11 (FUNCION -> COUNT PARENTESIS_IZQUIERDO CADENA PUNTO CADENA PARENTESIS_DERECHO .)
    MENOR           reduce using rule 11 (FUNCION -> COUNT PARENTESIS_IZQUIERDO CADENA PUNTO CADENA PARENTESIS_DERECHO .)
    IGUAL           reduce using rule 11 (FUNCION -> COUNT PARENTESIS_IZQUIERDO CADENA PUNTO CADENA PARENTESIS_DERECHO .)
    MAYOR           reduce using rule 11 (FUNCION -> COUNT PARENTESIS_IZQUIERDO CADENA PUNTO CADENA PARENTESIS_DERECHO .)
    MENOR_O_IGUAL   reduce using rule 11 (FUNCION -> COUNT PARENTESIS_IZQUIERDO CADENA PUNTO CADENA PARENTESIS_DERECHO .)
    MAYOR_O_IGUAL   reduce using rule 11 (FUNCION -> COUNT PARENTESIS_IZQUIERDO CADENA PUNTO CADENA PARENTESIS_DERECHO .)
    DISTINTO        reduce using rule 11 (FUNCION -> COUNT PARENTESIS_IZQUIERDO CADENA PUNTO CADENA PARENTESIS_DERECHO .)


state 91

    (12) FUNCION -> COUNT PARENTESIS_IZQUIERDO DISTINCT CADENA PUNTO CADENA . PARENTESIS_DERECHO

    PARENTESIS_DERECHO shift and go to state 115


state 92

    (52) ORDER_BY -> ORDER BY CAMPOS_ORDENADOS .

    $end            reduce using rule 52 (ORDER_BY -> ORDER BY CAMPOS_ORDENADOS .)
    PARENTESIS_DERECHO reduce using rule 52 (ORDER_BY -> ORDER BY CAMPOS_ORDENADOS .)


state 93

    (54) CAMPOS_ORDENADOS -> CADENA . PUNTO CADENA ORDEN COMA CAMPOS_ORDENADOS
    (55) CAMPOS_ORDENADOS -> CADENA . PUNTO CADENA ORDEN

    PUNTO           shift and go to state 116


state 94

    (46) GROUP_BY -> GROUP BY CAMPOS_AGRUPADOS HAVING_ .

    ORDER           reduce using rule 46 (GROUP_BY -> GROUP BY CAMPOS_AGRUPADOS HAVING_ .)
    $end            reduce using rule 46 (GROUP_BY -> GROUP BY CAMPOS_AGRUPADOS HAVING_ .)
    PARENTESIS_DERECHO reduce using rule 46 (GROUP_BY -> GROUP BY CAMPOS_AGRUPADOS HAVING_ .)


state 95

    (50) HAVING_ -> HAVING . FUNCION OPERADOR_COMPARATIVO VALOR
    (9) FUNCION -> . MIN PARENTESIS_IZQUIERDO CADENA PUNTO CADENA PARENTESIS_DERECHO
    (10) FUNCION -> . MAX PARENTESIS_IZQUIERDO CADENA PUNTO CADENA PARENTESIS_DERECHO
    (11) FUNCION -> . COUNT PARENTESIS_IZQUIERDO CADENA PUNTO CADENA PARENTESIS_DERECHO
    (12) FUNCION -> . COUNT PARENTESIS_IZQUIERDO DISTINCT CADENA PUNTO CADENA PARENTESIS_DERECHO

    MIN             shift and go to state 11
    MAX             shift and go to state 12
    COUNT           shift and go to state 13

    FUNCION                        shift and go to state 117

state 96

    (48) CAMPOS_AGRUPADOS -> CADENA PUNTO . CADENA COMA CAMPOS_AGRUPADOS
    (49) CAMPOS_AGRUPADOS -> CADENA PUNTO . CADENA

    CADENA          shift and go to state 118


state 97

    (27) CONDICION_ -> PARENTESIS_IZQUIERDO CONDICION_ OR CONDICION_ . PARENTESIS_DERECHO
    (26) CONDICION_ -> CONDICION_ OR CONDICION_ .
    (25) CONDICION_ -> CONDICION_ . AND CONDICION_
    (26) CONDICION_ -> CONDICION_ . OR CONDICION_

  ! shift/reduce conflict for AND resolved as shift
  ! shift/reduce conflict for OR resolved as shift
    PARENTESIS_DERECHO shift and go to state 119
    AND             shift and go to state 58
    OR              shift and go to state 59

  ! OR              [ reduce using rule 26 (CONDICION_ -> CONDICION_ OR CONDICION_ .) ]
  ! AND             [ reduce using rule 26 (CONDICION_ -> CONDICION_ OR CONDICION_ .) ]


state 98

    (28) CONDICION_ -> CADENA PUNTO CADENA SUBCONS .

    AND             reduce using rule 28 (CONDICION_ -> CADENA PUNTO CADENA SUBCONS .)
    OR              reduce using rule 28 (CONDICION_ -> CADENA PUNTO CADENA SUBCONS .)
    GROUP           reduce using rule 28 (CONDICION_ -> CADENA PUNTO CADENA SUBCONS .)
    ORDER           reduce using rule 28 (CONDICION_ -> CADENA PUNTO CADENA SUBCONS .)
    $end            reduce using rule 28 (CONDICION_ -> CADENA PUNTO CADENA SUBCONS .)
    PARENTESIS_DERECHO reduce using rule 28 (CONDICION_ -> CADENA PUNTO CADENA SUBCONS .)
    INNER           reduce using rule 28 (CONDICION_ -> CADENA PUNTO CADENA SUBCONS .)
    LEFT            reduce using rule 28 (CONDICION_ -> CADENA PUNTO CADENA SUBCONS .)
    WHERE           reduce using rule 28 (CONDICION_ -> CADENA PUNTO CADENA SUBCONS .)


state 99

    (29) CONDICION -> CADENA PUNTO CADENA OPERADOR_COMPARATIVO . VALOR
    (30) CONDICION -> CADENA PUNTO CADENA OPERADOR_COMPARATIVO . CADENA PUNTO CADENA
    (38) VALOR -> . NUMERO
    (39) VALOR -> . COMILLA CADENA COMILLA

    CADENA          shift and go to state 120
    NUMERO          shift and go to state 122
    COMILLA         shift and go to state 123

    VALOR                          shift and go to state 121

state 100

    (31) CONDICION -> CADENA PUNTO CADENA NULLABLE .

    AND             reduce using rule 31 (CONDICION -> CADENA PUNTO CADENA NULLABLE .)
    OR              reduce using rule 31 (CONDICION -> CADENA PUNTO CADENA NULLABLE .)
    GROUP           reduce using rule 31 (CONDICION -> CADENA PUNTO CADENA NULLABLE .)
    ORDER           reduce using rule 31 (CONDICION -> CADENA PUNTO CADENA NULLABLE .)
    $end            reduce using rule 31 (CONDICION -> CADENA PUNTO CADENA NULLABLE .)
    PARENTESIS_DERECHO reduce using rule 31 (CONDICION -> CADENA PUNTO CADENA NULLABLE .)
    INNER           reduce using rule 31 (CONDICION -> CADENA PUNTO CADENA NULLABLE .)
    LEFT            reduce using rule 31 (CONDICION -> CADENA PUNTO CADENA NULLABLE .)
    WHERE           reduce using rule 31 (CONDICION -> CADENA PUNTO CADENA NULLABLE .)


state 101

    (42) SUBCONS -> IN . PARENTESIS_IZQUIERDO CONS PARENTESIS_DERECHO

    PARENTESIS_IZQUIERDO shift and go to state 124


state 102

    (43) SUBCONS -> NOT . IN PARENTESIS_IZQUIERDO CONS PARENTESIS_DERECHO

    IN              shift and go to state 125


state 103

    (32) OPERADOR_COMPARATIVO -> MENOR .

    CADENA          reduce using rule 32 (OPERADOR_COMPARATIVO -> MENOR .)
    NUMERO          reduce using rule 32 (OPERADOR_COMPARATIVO -> MENOR .)
    COMILLA         reduce using rule 32 (OPERADOR_COMPARATIVO -> MENOR .)


state 104

    (33) OPERADOR_COMPARATIVO -> IGUAL .

    CADENA          reduce using rule 33 (OPERADOR_COMPARATIVO -> IGUAL .)
    NUMERO          reduce using rule 33 (OPERADOR_COMPARATIVO -> IGUAL .)
    COMILLA         reduce using rule 33 (OPERADOR_COMPARATIVO -> IGUAL .)


state 105

    (34) OPERADOR_COMPARATIVO -> MAYOR .

    CADENA          reduce using rule 34 (OPERADOR_COMPARATIVO -> MAYOR .)
    NUMERO          reduce using rule 34 (OPERADOR_COMPARATIVO -> MAYOR .)
    COMILLA         reduce using rule 34 (OPERADOR_COMPARATIVO -> MAYOR .)


state 106

    (35) OPERADOR_COMPARATIVO -> MENOR_O_IGUAL .

    CADENA          reduce using rule 35 (OPERADOR_COMPARATIVO -> MENOR_O_IGUAL .)
    NUMERO          reduce using rule 35 (OPERADOR_COMPARATIVO -> MENOR_O_IGUAL .)
    COMILLA         reduce using rule 35 (OPERADOR_COMPARATIVO -> MENOR_O_IGUAL .)


state 107

    (36) OPERADOR_COMPARATIVO -> MAYOR_O_IGUAL .

    CADENA          reduce using rule 36 (OPERADOR_COMPARATIVO -> MAYOR_O_IGUAL .)
    NUMERO          reduce using rule 36 (OPERADOR_COMPARATIVO -> MAYOR_O_IGUAL .)
    COMILLA         reduce using rule 36 (OPERADOR_COMPARATIVO -> MAYOR_O_IGUAL .)


state 108

    (37) OPERADOR_COMPARATIVO -> DISTINTO .

    CADENA          reduce using rule 37 (OPERADOR_COMPARATIVO -> DISTINTO .)
    NUMERO          reduce using rule 37 (OPERADOR_COMPARATIVO -> DISTINTO .)
    COMILLA         reduce using rule 37 (OPERADOR_COMPARATIVO -> DISTINTO .)


state 109

    (40) NULLABLE -> IS . NULL
    (41) NULLABLE -> IS . NOT NULL

    NULL            shift and go to state 126
    NOT             shift and go to state 127


state 110

    (19) ELECCION_JOIN -> INNER JOIN CADENA CADENA ON CONDICION_ .
    (25) CONDICION_ -> CONDICION_ . AND CONDICION_
    (26) CONDICION_ -> CONDICION_ . OR CONDICION_

    INNER           reduce using rule 19 (ELECCION_JOIN -> INNER JOIN CADENA CADENA ON CONDICION_ .)
    LEFT            reduce using rule 19 (ELECCION_JOIN -> INNER JOIN CADENA CADENA ON CONDICION_ .)
    WHERE           reduce using rule 19 (ELECCION_JOIN -> INNER JOIN CADENA CADENA ON CONDICION_ .)
    GROUP           reduce using rule 19 (ELECCION_JOIN -> INNER JOIN CADENA CADENA ON CONDICION_ .)
    ORDER           reduce using rule 19 (ELECCION_JOIN -> INNER JOIN CADENA CADENA ON CONDICION_ .)
    $end            reduce using rule 19 (ELECCION_JOIN -> INNER JOIN CADENA CADENA ON CONDICION_ .)
    PARENTESIS_DERECHO reduce using rule 19 (ELECCION_JOIN -> INNER JOIN CADENA CADENA ON CONDICION_ .)
    AND             shift and go to state 58
    OR              shift and go to state 59


state 111

    (20) ELECCION_JOIN -> INNER JOIN CADENA AS CADENA ON . CONDICION_
    (24) CONDICION_ -> . CONDICION
    (25) CONDICION_ -> . CONDICION_ AND CONDICION_
    (26) CONDICION_ -> . CONDICION_ OR CONDICION_
    (27) CONDICION_ -> . PARENTESIS_IZQUIERDO CONDICION_ OR CONDICION_ PARENTESIS_DERECHO
    (28) CONDICION_ -> . CADENA PUNTO CADENA SUBCONS
    (29) CONDICION -> . CADENA PUNTO CADENA OPERADOR_COMPARATIVO VALOR
    (30) CONDICION -> . CADENA PUNTO CADENA OPERADOR_COMPARATIVO CADENA PUNTO CADENA
    (31) CONDICION -> . CADENA PUNTO CADENA NULLABLE

    PARENTESIS_IZQUIERDO shift and go to state 44
    CADENA          shift and go to state 45

    CONDICION_                     shift and go to state 128
    CONDICION                      shift and go to state 43

state 112

    (22) ELECCION_JOIN -> LEFT JOIN CADENA CADENA ON CONDICION_ .
    (25) CONDICION_ -> CONDICION_ . AND CONDICION_
    (26) CONDICION_ -> CONDICION_ . OR CONDICION_

    INNER           reduce using rule 22 (ELECCION_JOIN -> LEFT JOIN CADENA CADENA ON CONDICION_ .)
    LEFT            reduce using rule 22 (ELECCION_JOIN -> LEFT JOIN CADENA CADENA ON CONDICION_ .)
    WHERE           reduce using rule 22 (ELECCION_JOIN -> LEFT JOIN CADENA CADENA ON CONDICION_ .)
    GROUP           reduce using rule 22 (ELECCION_JOIN -> LEFT JOIN CADENA CADENA ON CONDICION_ .)
    ORDER           reduce using rule 22 (ELECCION_JOIN -> LEFT JOIN CADENA CADENA ON CONDICION_ .)
    $end            reduce using rule 22 (ELECCION_JOIN -> LEFT JOIN CADENA CADENA ON CONDICION_ .)
    PARENTESIS_DERECHO reduce using rule 22 (ELECCION_JOIN -> LEFT JOIN CADENA CADENA ON CONDICION_ .)
    AND             shift and go to state 58
    OR              shift and go to state 59


state 113

    (23) ELECCION_JOIN -> LEFT JOIN CADENA AS CADENA ON . CONDICION_
    (24) CONDICION_ -> . CONDICION
    (25) CONDICION_ -> . CONDICION_ AND CONDICION_
    (26) CONDICION_ -> . CONDICION_ OR CONDICION_
    (27) CONDICION_ -> . PARENTESIS_IZQUIERDO CONDICION_ OR CONDICION_ PARENTESIS_DERECHO
    (28) CONDICION_ -> . CADENA PUNTO CADENA SUBCONS
    (29) CONDICION -> . CADENA PUNTO CADENA OPERADOR_COMPARATIVO VALOR
    (30) CONDICION -> . CADENA PUNTO CADENA OPERADOR_COMPARATIVO CADENA PUNTO CADENA
    (31) CONDICION -> . CADENA PUNTO CADENA NULLABLE

    PARENTESIS_IZQUIERDO shift and go to state 44
    CADENA          shift and go to state 45

    CONDICION_                     shift and go to state 129
    CONDICION                      shift and go to state 43

state 114

    (7) CAMPO -> CADENA PUNTO CADENA AS COMILLA CADENA COMILLA .

    COMA            reduce using rule 7 (CAMPO -> CADENA PUNTO CADENA AS COMILLA CADENA COMILLA .)
    FROM            reduce using rule 7 (CAMPO -> CADENA PUNTO CADENA AS COMILLA CADENA COMILLA .)


state 115

    (12) FUNCION -> COUNT PARENTESIS_IZQUIERDO DISTINCT CADENA PUNTO CADENA PARENTESIS_DERECHO .

    AS              reduce using rule 12 (FUNCION -> COUNT PARENTESIS_IZQUIERDO DISTINCT CADENA PUNTO CADENA PARENTESIS_DERECHO .)
    MENOR           reduce using rule 12 (FUNCION -> COUNT PARENTESIS_IZQUIERDO DISTINCT CADENA PUNTO CADENA PARENTESIS_DERECHO .)
    IGUAL           reduce using rule 12 (FUNCION -> COUNT PARENTESIS_IZQUIERDO DISTINCT CADENA PUNTO CADENA PARENTESIS_DERECHO .)
    MAYOR           reduce using rule 12 (FUNCION -> COUNT PARENTESIS_IZQUIERDO DISTINCT CADENA PUNTO CADENA PARENTESIS_DERECHO .)
    MENOR_O_IGUAL   reduce using rule 12 (FUNCION -> COUNT PARENTESIS_IZQUIERDO DISTINCT CADENA PUNTO CADENA PARENTESIS_DERECHO .)
    MAYOR_O_IGUAL   reduce using rule 12 (FUNCION -> COUNT PARENTESIS_IZQUIERDO DISTINCT CADENA PUNTO CADENA PARENTESIS_DERECHO .)
    DISTINTO        reduce using rule 12 (FUNCION -> COUNT PARENTESIS_IZQUIERDO DISTINCT CADENA PUNTO CADENA PARENTESIS_DERECHO .)


state 116

    (54) CAMPOS_ORDENADOS -> CADENA PUNTO . CADENA ORDEN COMA CAMPOS_ORDENADOS
    (55) CAMPOS_ORDENADOS -> CADENA PUNTO . CADENA ORDEN

    CADENA          shift and go to state 130


state 117

    (50) HAVING_ -> HAVING FUNCION . OPERADOR_COMPARATIVO VALOR
    (32) OPERADOR_COMPARATIVO -> . MENOR
    (33) OPERADOR_COMPARATIVO -> . IGUAL
    (34) OPERADOR_COMPARATIVO -> . MAYOR
    (35) OPERADOR_COMPARATIVO -> . MENOR_O_IGUAL
    (36) OPERADOR_COMPARATIVO -> . MAYOR_O_IGUAL
    (37) OPERADOR_COMPARATIVO -> . DISTINTO

    MENOR           shift and go to state 103
    IGUAL           shift and go to state 104
    MAYOR           shift and go to state 105
    MENOR_O_IGUAL   shift and go to state 106
    MAYOR_O_IGUAL   shift and go to state 107
    DISTINTO        shift and go to state 108

    OPERADOR_COMPARATIVO           shift and go to state 131

state 118

    (48) CAMPOS_AGRUPADOS -> CADENA PUNTO CADENA . COMA CAMPOS_AGRUPADOS
    (49) CAMPOS_AGRUPADOS -> CADENA PUNTO CADENA .

    COMA            shift and go to state 132
    HAVING          reduce using rule 49 (CAMPOS_AGRUPADOS -> CADENA PUNTO CADENA .)
    ORDER           reduce using rule 49 (CAMPOS_AGRUPADOS -> CADENA PUNTO CADENA .)
    $end            reduce using rule 49 (CAMPOS_AGRUPADOS -> CADENA PUNTO CADENA .)
    PARENTESIS_DERECHO reduce using rule 49 (CAMPOS_AGRUPADOS -> CADENA PUNTO CADENA .)


state 119

    (27) CONDICION_ -> PARENTESIS_IZQUIERDO CONDICION_ OR CONDICION_ PARENTESIS_DERECHO .

    AND             reduce using rule 27 (CONDICION_ -> PARENTESIS_IZQUIERDO CONDICION_ OR CONDICION_ PARENTESIS_DERECHO .)
    OR              reduce using rule 27 (CONDICION_ -> PARENTESIS_IZQUIERDO CONDICION_ OR CONDICION_ PARENTESIS_DERECHO .)
    GROUP           reduce using rule 27 (CONDICION_ -> PARENTESIS_IZQUIERDO CONDICION_ OR CONDICION_ PARENTESIS_DERECHO .)
    ORDER           reduce using rule 27 (CONDICION_ -> PARENTESIS_IZQUIERDO CONDICION_ OR CONDICION_ PARENTESIS_DERECHO .)
    $end            reduce using rule 27 (CONDICION_ -> PARENTESIS_IZQUIERDO CONDICION_ OR CONDICION_ PARENTESIS_DERECHO .)
    PARENTESIS_DERECHO reduce using rule 27 (CONDICION_ -> PARENTESIS_IZQUIERDO CONDICION_ OR CONDICION_ PARENTESIS_DERECHO .)
    INNER           reduce using rule 27 (CONDICION_ -> PARENTESIS_IZQUIERDO CONDICION_ OR CONDICION_ PARENTESIS_DERECHO .)
    LEFT            reduce using rule 27 (CONDICION_ -> PARENTESIS_IZQUIERDO CONDICION_ OR CONDICION_ PARENTESIS_DERECHO .)
    WHERE           reduce using rule 27 (CONDICION_ -> PARENTESIS_IZQUIERDO CONDICION_ OR CONDICION_ PARENTESIS_DERECHO .)


state 120

    (30) CONDICION -> CADENA PUNTO CADENA OPERADOR_COMPARATIVO CADENA . PUNTO CADENA

    PUNTO           shift and go to state 133


state 121

    (29) CONDICION -> CADENA PUNTO CADENA OPERADOR_COMPARATIVO VALOR .

    AND             reduce using rule 29 (CONDICION -> CADENA PUNTO CADENA OPERADOR_COMPARATIVO VALOR .)
    OR              reduce using rule 29 (CONDICION -> CADENA PUNTO CADENA OPERADOR_COMPARATIVO VALOR .)
    GROUP           reduce using rule 29 (CONDICION -> CADENA PUNTO CADENA OPERADOR_COMPARATIVO VALOR .)
    ORDER           reduce using rule 29 (CONDICION -> CADENA PUNTO CADENA OPERADOR_COMPARATIVO VALOR .)
    $end            reduce using rule 29 (CONDICION -> CADENA PUNTO CADENA OPERADOR_COMPARATIVO VALOR .)
    PARENTESIS_DERECHO reduce using rule 29 (CONDICION -> CADENA PUNTO CADENA OPERADOR_COMPARATIVO VALOR .)
    INNER           reduce using rule 29 (CONDICION -> CADENA PUNTO CADENA OPERADOR_COMPARATIVO VALOR .)
    LEFT            reduce using rule 29 (CONDICION -> CADENA PUNTO CADENA OPERADOR_COMPARATIVO VALOR .)
    WHERE           reduce using rule 29 (CONDICION -> CADENA PUNTO CADENA OPERADOR_COMPARATIVO VALOR .)


state 122

    (38) VALOR -> NUMERO .

    AND             reduce using rule 38 (VALOR -> NUMERO .)
    OR              reduce using rule 38 (VALOR -> NUMERO .)
    GROUP           reduce using rule 38 (VALOR -> NUMERO .)
    ORDER           reduce using rule 38 (VALOR -> NUMERO .)
    $end            reduce using rule 38 (VALOR -> NUMERO .)
    PARENTESIS_DERECHO reduce using rule 38 (VALOR -> NUMERO .)
    INNER           reduce using rule 38 (VALOR -> NUMERO .)
    LEFT            reduce using rule 38 (VALOR -> NUMERO .)
    WHERE           reduce using rule 38 (VALOR -> NUMERO .)


state 123

    (39) VALOR -> COMILLA . CADENA COMILLA

    CADENA          shift and go to state 134


state 124

    (42) SUBCONS -> IN PARENTESIS_IZQUIERDO . CONS PARENTESIS_DERECHO
    (1) CONS -> . SELECT_ FROM_ JOIN_ WHERE_ GROUP_BY ORDER_BY
    (2) SELECT_ -> . SELECT CAMPOS
    (3) SELECT_ -> . SELECT DISTINCT CAMPOS

    SELECT          shift and go to state 3

    CONS                           shift and go to state 135
    SELECT_                        shift and go to state 2

state 125

    (43) SUBCONS -> NOT IN . PARENTESIS_IZQUIERDO CONS PARENTESIS_DERECHO

    PARENTESIS_IZQUIERDO shift and go to state 136


state 126

    (40) NULLABLE -> IS NULL .

    AND             reduce using rule 40 (NULLABLE -> IS NULL .)
    OR              reduce using rule 40 (NULLABLE -> IS NULL .)
    GROUP           reduce using rule 40 (NULLABLE -> IS NULL .)
    ORDER           reduce using rule 40 (NULLABLE -> IS NULL .)
    $end            reduce using rule 40 (NULLABLE -> IS NULL .)
    PARENTESIS_DERECHO reduce using rule 40 (NULLABLE -> IS NULL .)
    INNER           reduce using rule 40 (NULLABLE -> IS NULL .)
    LEFT            reduce using rule 40 (NULLABLE -> IS NULL .)
    WHERE           reduce using rule 40 (NULLABLE -> IS NULL .)


state 127

    (41) NULLABLE -> IS NOT . NULL

    NULL            shift and go to state 137


state 128

    (20) ELECCION_JOIN -> INNER JOIN CADENA AS CADENA ON CONDICION_ .
    (25) CONDICION_ -> CONDICION_ . AND CONDICION_
    (26) CONDICION_ -> CONDICION_ . OR CONDICION_

    INNER           reduce using rule 20 (ELECCION_JOIN -> INNER JOIN CADENA AS CADENA ON CONDICION_ .)
    LEFT            reduce using rule 20 (ELECCION_JOIN -> INNER JOIN CADENA AS CADENA ON CONDICION_ .)
    WHERE           reduce using rule 20 (ELECCION_JOIN -> INNER JOIN CADENA AS CADENA ON CONDICION_ .)
    GROUP           reduce using rule 20 (ELECCION_JOIN -> INNER JOIN CADENA AS CADENA ON CONDICION_ .)
    ORDER           reduce using rule 20 (ELECCION_JOIN -> INNER JOIN CADENA AS CADENA ON CONDICION_ .)
    $end            reduce using rule 20 (ELECCION_JOIN -> INNER JOIN CADENA AS CADENA ON CONDICION_ .)
    PARENTESIS_DERECHO reduce using rule 20 (ELECCION_JOIN -> INNER JOIN CADENA AS CADENA ON CONDICION_ .)
    AND             shift and go to state 58
    OR              shift and go to state 59


state 129

    (23) ELECCION_JOIN -> LEFT JOIN CADENA AS CADENA ON CONDICION_ .
    (25) CONDICION_ -> CONDICION_ . AND CONDICION_
    (26) CONDICION_ -> CONDICION_ . OR CONDICION_

    INNER           reduce using rule 23 (ELECCION_JOIN -> LEFT JOIN CADENA AS CADENA ON CONDICION_ .)
    LEFT            reduce using rule 23 (ELECCION_JOIN -> LEFT JOIN CADENA AS CADENA ON CONDICION_ .)
    WHERE           reduce using rule 23 (ELECCION_JOIN -> LEFT JOIN CADENA AS CADENA ON CONDICION_ .)
    GROUP           reduce using rule 23 (ELECCION_JOIN -> LEFT JOIN CADENA AS CADENA ON CONDICION_ .)
    ORDER           reduce using rule 23 (ELECCION_JOIN -> LEFT JOIN CADENA AS CADENA ON CONDICION_ .)
    $end            reduce using rule 23 (ELECCION_JOIN -> LEFT JOIN CADENA AS CADENA ON CONDICION_ .)
    PARENTESIS_DERECHO reduce using rule 23 (ELECCION_JOIN -> LEFT JOIN CADENA AS CADENA ON CONDICION_ .)
    AND             shift and go to state 58
    OR              shift and go to state 59


state 130

    (54) CAMPOS_ORDENADOS -> CADENA PUNTO CADENA . ORDEN COMA CAMPOS_ORDENADOS
    (55) CAMPOS_ORDENADOS -> CADENA PUNTO CADENA . ORDEN
    (56) ORDEN -> . ASC
    (57) ORDEN -> . DESC
    (58) ORDEN -> .

    ASC             shift and go to state 139
    DESC            shift and go to state 140
    COMA            reduce using rule 58 (ORDEN -> .)
    $end            reduce using rule 58 (ORDEN -> .)
    PARENTESIS_DERECHO reduce using rule 58 (ORDEN -> .)

    ORDEN                          shift and go to state 138

state 131

    (50) HAVING_ -> HAVING FUNCION OPERADOR_COMPARATIVO . VALOR
    (38) VALOR -> . NUMERO
    (39) VALOR -> . COMILLA CADENA COMILLA

    NUMERO          shift and go to state 122
    COMILLA         shift and go to state 123

    VALOR                          shift and go to state 141

state 132

    (48) CAMPOS_AGRUPADOS -> CADENA PUNTO CADENA COMA . CAMPOS_AGRUPADOS
    (48) CAMPOS_AGRUPADOS -> . CADENA PUNTO CADENA COMA CAMPOS_AGRUPADOS
    (49) CAMPOS_AGRUPADOS -> . CADENA PUNTO CADENA

    CADENA          shift and go to state 76

    CAMPOS_AGRUPADOS               shift and go to state 142

state 133

    (30) CONDICION -> CADENA PUNTO CADENA OPERADOR_COMPARATIVO CADENA PUNTO . CADENA

    CADENA          shift and go to state 143


state 134

    (39) VALOR -> COMILLA CADENA . COMILLA

    COMILLA         shift and go to state 144


state 135

    (42) SUBCONS -> IN PARENTESIS_IZQUIERDO CONS . PARENTESIS_DERECHO

    PARENTESIS_DERECHO shift and go to state 145


state 136

    (43) SUBCONS -> NOT IN PARENTESIS_IZQUIERDO . CONS PARENTESIS_DERECHO
    (1) CONS -> . SELECT_ FROM_ JOIN_ WHERE_ GROUP_BY ORDER_BY
    (2) SELECT_ -> . SELECT CAMPOS
    (3) SELECT_ -> . SELECT DISTINCT CAMPOS

    SELECT          shift and go to state 3

    CONS                           shift and go to state 146
    SELECT_                        shift and go to state 2

state 137

    (41) NULLABLE -> IS NOT NULL .

    AND             reduce using rule 41 (NULLABLE -> IS NOT NULL .)
    OR              reduce using rule 41 (NULLABLE -> IS NOT NULL .)
    GROUP           reduce using rule 41 (NULLABLE -> IS NOT NULL .)
    ORDER           reduce using rule 41 (NULLABLE -> IS NOT NULL .)
    $end            reduce using rule 41 (NULLABLE -> IS NOT NULL .)
    PARENTESIS_DERECHO reduce using rule 41 (NULLABLE -> IS NOT NULL .)
    INNER           reduce using rule 41 (NULLABLE -> IS NOT NULL .)
    LEFT            reduce using rule 41 (NULLABLE -> IS NOT NULL .)
    WHERE           reduce using rule 41 (NULLABLE -> IS NOT NULL .)


state 138

    (54) CAMPOS_ORDENADOS -> CADENA PUNTO CADENA ORDEN . COMA CAMPOS_ORDENADOS
    (55) CAMPOS_ORDENADOS -> CADENA PUNTO CADENA ORDEN .

    COMA            shift and go to state 147
    $end            reduce using rule 55 (CAMPOS_ORDENADOS -> CADENA PUNTO CADENA ORDEN .)
    PARENTESIS_DERECHO reduce using rule 55 (CAMPOS_ORDENADOS -> CADENA PUNTO CADENA ORDEN .)


state 139

    (56) ORDEN -> ASC .

    COMA            reduce using rule 56 (ORDEN -> ASC .)
    $end            reduce using rule 56 (ORDEN -> ASC .)
    PARENTESIS_DERECHO reduce using rule 56 (ORDEN -> ASC .)


state 140

    (57) ORDEN -> DESC .

    COMA            reduce using rule 57 (ORDEN -> DESC .)
    $end            reduce using rule 57 (ORDEN -> DESC .)
    PARENTESIS_DERECHO reduce using rule 57 (ORDEN -> DESC .)


state 141

    (50) HAVING_ -> HAVING FUNCION OPERADOR_COMPARATIVO VALOR .

    ORDER           reduce using rule 50 (HAVING_ -> HAVING FUNCION OPERADOR_COMPARATIVO VALOR .)
    $end            reduce using rule 50 (HAVING_ -> HAVING FUNCION OPERADOR_COMPARATIVO VALOR .)
    PARENTESIS_DERECHO reduce using rule 50 (HAVING_ -> HAVING FUNCION OPERADOR_COMPARATIVO VALOR .)


state 142

    (48) CAMPOS_AGRUPADOS -> CADENA PUNTO CADENA COMA CAMPOS_AGRUPADOS .

    HAVING          reduce using rule 48 (CAMPOS_AGRUPADOS -> CADENA PUNTO CADENA COMA CAMPOS_AGRUPADOS .)
    ORDER           reduce using rule 48 (CAMPOS_AGRUPADOS -> CADENA PUNTO CADENA COMA CAMPOS_AGRUPADOS .)
    $end            reduce using rule 48 (CAMPOS_AGRUPADOS -> CADENA PUNTO CADENA COMA CAMPOS_AGRUPADOS .)
    PARENTESIS_DERECHO reduce using rule 48 (CAMPOS_AGRUPADOS -> CADENA PUNTO CADENA COMA CAMPOS_AGRUPADOS .)


state 143

    (30) CONDICION -> CADENA PUNTO CADENA OPERADOR_COMPARATIVO CADENA PUNTO CADENA .

    AND             reduce using rule 30 (CONDICION -> CADENA PUNTO CADENA OPERADOR_COMPARATIVO CADENA PUNTO CADENA .)
    OR              reduce using rule 30 (CONDICION -> CADENA PUNTO CADENA OPERADOR_COMPARATIVO CADENA PUNTO CADENA .)
    GROUP           reduce using rule 30 (CONDICION -> CADENA PUNTO CADENA OPERADOR_COMPARATIVO CADENA PUNTO CADENA .)
    ORDER           reduce using rule 30 (CONDICION -> CADENA PUNTO CADENA OPERADOR_COMPARATIVO CADENA PUNTO CADENA .)
    $end            reduce using rule 30 (CONDICION -> CADENA PUNTO CADENA OPERADOR_COMPARATIVO CADENA PUNTO CADENA .)
    PARENTESIS_DERECHO reduce using rule 30 (CONDICION -> CADENA PUNTO CADENA OPERADOR_COMPARATIVO CADENA PUNTO CADENA .)
    INNER           reduce using rule 30 (CONDICION -> CADENA PUNTO CADENA OPERADOR_COMPARATIVO CADENA PUNTO CADENA .)
    LEFT            reduce using rule 30 (CONDICION -> CADENA PUNTO CADENA OPERADOR_COMPARATIVO CADENA PUNTO CADENA .)
    WHERE           reduce using rule 30 (CONDICION -> CADENA PUNTO CADENA OPERADOR_COMPARATIVO CADENA PUNTO CADENA .)


state 144

    (39) VALOR -> COMILLA CADENA COMILLA .

    AND             reduce using rule 39 (VALOR -> COMILLA CADENA COMILLA .)
    OR              reduce using rule 39 (VALOR -> COMILLA CADENA COMILLA .)
    GROUP           reduce using rule 39 (VALOR -> COMILLA CADENA COMILLA .)
    ORDER           reduce using rule 39 (VALOR -> COMILLA CADENA COMILLA .)
    $end            reduce using rule 39 (VALOR -> COMILLA CADENA COMILLA .)
    PARENTESIS_DERECHO reduce using rule 39 (VALOR -> COMILLA CADENA COMILLA .)
    INNER           reduce using rule 39 (VALOR -> COMILLA CADENA COMILLA .)
    LEFT            reduce using rule 39 (VALOR -> COMILLA CADENA COMILLA .)
    WHERE           reduce using rule 39 (VALOR -> COMILLA CADENA COMILLA .)


state 145

    (42) SUBCONS -> IN PARENTESIS_IZQUIERDO CONS PARENTESIS_DERECHO .

    AND             reduce using rule 42 (SUBCONS -> IN PARENTESIS_IZQUIERDO CONS PARENTESIS_DERECHO .)
    OR              reduce using rule 42 (SUBCONS -> IN PARENTESIS_IZQUIERDO CONS PARENTESIS_DERECHO .)
    GROUP           reduce using rule 42 (SUBCONS -> IN PARENTESIS_IZQUIERDO CONS PARENTESIS_DERECHO .)
    ORDER           reduce using rule 42 (SUBCONS -> IN PARENTESIS_IZQUIERDO CONS PARENTESIS_DERECHO .)
    $end            reduce using rule 42 (SUBCONS -> IN PARENTESIS_IZQUIERDO CONS PARENTESIS_DERECHO .)
    PARENTESIS_DERECHO reduce using rule 42 (SUBCONS -> IN PARENTESIS_IZQUIERDO CONS PARENTESIS_DERECHO .)
    INNER           reduce using rule 42 (SUBCONS -> IN PARENTESIS_IZQUIERDO CONS PARENTESIS_DERECHO .)
    LEFT            reduce using rule 42 (SUBCONS -> IN PARENTESIS_IZQUIERDO CONS PARENTESIS_DERECHO .)
    WHERE           reduce using rule 42 (SUBCONS -> IN PARENTESIS_IZQUIERDO CONS PARENTESIS_DERECHO .)


state 146

    (43) SUBCONS -> NOT IN PARENTESIS_IZQUIERDO CONS . PARENTESIS_DERECHO

    PARENTESIS_DERECHO shift and go to state 148


state 147

    (54) CAMPOS_ORDENADOS -> CADENA PUNTO CADENA ORDEN COMA . CAMPOS_ORDENADOS
    (54) CAMPOS_ORDENADOS -> . CADENA PUNTO CADENA ORDEN COMA CAMPOS_ORDENADOS
    (55) CAMPOS_ORDENADOS -> . CADENA PUNTO CADENA ORDEN

    CADENA          shift and go to state 93

    CAMPOS_ORDENADOS               shift and go to state 149

state 148

    (43) SUBCONS -> NOT IN PARENTESIS_IZQUIERDO CONS PARENTESIS_DERECHO .

    AND             reduce using rule 43 (SUBCONS -> NOT IN PARENTESIS_IZQUIERDO CONS PARENTESIS_DERECHO .)
    OR              reduce using rule 43 (SUBCONS -> NOT IN PARENTESIS_IZQUIERDO CONS PARENTESIS_DERECHO .)
    GROUP           reduce using rule 43 (SUBCONS -> NOT IN PARENTESIS_IZQUIERDO CONS PARENTESIS_DERECHO .)
    ORDER           reduce using rule 43 (SUBCONS -> NOT IN PARENTESIS_IZQUIERDO CONS PARENTESIS_DERECHO .)
    $end            reduce using rule 43 (SUBCONS -> NOT IN PARENTESIS_IZQUIERDO CONS PARENTESIS_DERECHO .)
    PARENTESIS_DERECHO reduce using rule 43 (SUBCONS -> NOT IN PARENTESIS_IZQUIERDO CONS PARENTESIS_DERECHO .)
    INNER           reduce using rule 43 (SUBCONS -> NOT IN PARENTESIS_IZQUIERDO CONS PARENTESIS_DERECHO .)
    LEFT            reduce using rule 43 (SUBCONS -> NOT IN PARENTESIS_IZQUIERDO CONS PARENTESIS_DERECHO .)
    WHERE           reduce using rule 43 (SUBCONS -> NOT IN PARENTESIS_IZQUIERDO CONS PARENTESIS_DERECHO .)


state 149

    (54) CAMPOS_ORDENADOS -> CADENA PUNTO CADENA ORDEN COMA CAMPOS_ORDENADOS .

    $end            reduce using rule 54 (CAMPOS_ORDENADOS -> CADENA PUNTO CADENA ORDEN COMA CAMPOS_ORDENADOS .)
    PARENTESIS_DERECHO reduce using rule 54 (CAMPOS_ORDENADOS -> CADENA PUNTO CADENA ORDEN COMA CAMPOS_ORDENADOS .)

WARNING: 
WARNING: Conflicts:
WARNING: 
WARNING: shift/reduce conflict for AND in state 77 resolved as shift
WARNING: shift/reduce conflict for OR in state 77 resolved as shift
WARNING: shift/reduce conflict for AND in state 78 resolved as shift
WARNING: shift/reduce conflict for OR in state 78 resolved as shift
WARNING: shift/reduce conflict for AND in state 97 resolved as shift
WARNING: shift/reduce conflict for OR in state 97 resolved as shift
